

Version:	3.50
CmdLine:	C:\Users\UserDC\Desktop\MATERIAS DE ESTUDOS E PROJETOS\War-in-the-stars\war.exe --l4j-debug
JNI:		No
WOW64:		Yes
Create mutex:	War in the stars
Working dir:	C:\Users\UserDC\Desktop\MATERIAS DE ESTUDOS E PROJETOS\War-in-the-stars\.
Requires JDK:	No
Requires 64-Bit: No
Java min ver:	
Java max ver:	
JRE paths:	C:\Program Files\Java\jdk-21
Check launcher:	C:\Program Files\Java\jdk-21\bin\javaw.exe (OK)
Version string: 1.021.000_006 / 64-Bit (OK)
Launcher:	C:\Program Files\Java\jdk-21\bin\javaw.exe
Launcher args:	-jar "C:\Users\UserDC\Desktop\MATERIAS DE ESTUDOS E PROJETOS\War-in-the-stars\war.exe"
Args length:	86/32768 chars
Exit code:	0


Version:	3.50
CmdLine:	C:\Users\UserDC\Desktop\MATERIAS DE ESTUDOS E PROJETOS\War-in-the-stars\war.exe --l4j-debug
JNI:		No
WOW64:		Yes
Create mutex:	War in the stars
Working dir:	C:\Users\UserDC\Desktop\MATERIAS DE ESTUDOS E PROJETOS\War-in-the-stars\.
Requires JDK:	No
Requires 64-Bit: No
Java min ver:	
Java max ver:	
JRE paths:	C:\Program Files\Java\jdk-21
Check launcher:	C:\Program Files\Java\jdk-21\bin\javaw.exe (OK)
Version string: 1.021.000_006 / 64-Bit (OK)
Launcher:	C:\Program Files\Java\jdk-21\bin\javaw.exe
Launcher args:	-jar "C:\Users\UserDC\Desktop\MATERIAS DE ESTUDOS E PROJETOS\War-in-the-stars\war.exe"
Args length:	86/32768 chars
Exit code:	0


Version:	3.50
CmdLine:	C:\Users\UserDC\Desktop\MATERIAS DE ESTUDOS E PROJETOS\War-in-the-stars\war.exe --l4j-debug
JNI:		No
WOW64:		Yes
Create mutex:	War in the stars
Error:		Instance already exists.


Version:	3.50
CmdLine:	C:\Users\UserDC\Desktop\MATERIAS DE ESTUDOS E PROJETOS\War-in-the-stars\Laucher4j\war.exe --l4j-debug
JNI:		No
WOW64:		Yes
Create mutex:	War in the stars
Working dir:	C:\Users\UserDC\Desktop\MATERIAS DE ESTUDOS E PROJETOS\War-in-the-stars\Laucher4j\.
Requires JDK:	No
Requires 64-Bit: No
Java min ver:	
Java max ver:	
JRE paths:	C:\Program Files\Java\jdk-21
Check launcher:	C:\Program Files\Java\jdk-21\bin\javaw.exe (OK)
Version string: 1.021.000_006 / 64-Bit (OK)
Launcher:	C:\Program Files\Java\jdk-21\bin\javaw.exe
Launcher args:	-jar "C:\Users\UserDC\Desktop\MATERIAS DE ESTUDOS E PROJETOS\War-in-the-stars\Laucher4j\war.exe"
Args length:	96/32768 chars
Exit code:	0


Version:	3.50
CmdLine:	C:\Users\UserDC\Desktop\MATERIAS DE ESTUDOS E PROJETOS\War-in-the-stars\Laucher4j\war.exe --l4j-debug
JNI:		No
WOW64:		Yes
Create mutex:	War in the stars
Working dir:	C:\Users\UserDC\Desktop\MATERIAS DE ESTUDOS E PROJETOS\War-in-the-stars\Laucher4j\.
Requires JDK:	No
Requires 64-Bit: No
Java min ver:	
Java max ver:	
JRE paths:	C:\Program Files\Java\jdk-21
Check launcher:	C:\Program Files\Java\jdk-21\bin\javaw.exe (OK)
Version string: 1.021.000_006 / 64-Bit (OK)
Launcher:	C:\Program Files\Java\jdk-21\bin\javaw.exe
Launcher args:	-jar "C:\Users\UserDC\Desktop\MATERIAS DE ESTUDOS E PROJETOS\War-in-the-stars\Laucher4j\war.exe"
Args length:	96/32768 chars
Exit code:	0


Version:	3.50
CmdLine:	C:\Users\UserDC\Desktop\MATERIAS DE ESTUDOS E PROJETOS\War-in-the-stars\Laucher4j\war.exe --l4j-debug
JNI:		No
WOW64:		Yes
Create mutex:	War in the stars
Error:		Instance already exists.


Version:	3.50
CmdLine:	C:\Users\UserDC\Desktop\MATERIAS DE ESTUDOS E PROJETOS\War-in-the-stars\Laucher4j\war.exe --l4j-debug
JNI:		No
WOW64:		Yes
Working dir:	C:\Users\UserDC\Desktop\MATERIAS DE ESTUDOS E PROJETOS\War-in-the-stars\Laucher4j\.
Requires JDK:	No
Requires 64-Bit: No
Java min ver:	
Java max ver:	
JRE paths:	C:\Program Files\Java\jdk-21
Check launcher:	C:\Program Files\Java\jdk-21\bin\javaw.exe (OK)
Version string: 1.021.000_006 / 64-Bit (OK)
Launcher:	C:\Program Files\Java\jdk-21\bin\javaw.exe
Launcher args:	-jar "C:\Users\UserDC\Desktop\MATERIAS DE ESTUDOS E PROJETOS\War-in-the-stars\Laucher4j\war.exe"
Args length:	96/32768 chars
Exit code:	0


Version:	3.50
CmdLine:	C:\Users\UserDC\Desktop\MATERIAS DE ESTUDOS E PROJETOS\War-in-the-stars\Laucher4j\war.exe --l4j-debug
JNI:		No
WOW64:		Yes
Create mutex:	war
Working dir:	C:\Users\UserDC\Desktop\MATERIAS DE ESTUDOS E PROJETOS\War-in-the-stars\Laucher4j\.
Requires JDK:	No
Requires 64-Bit: No
Java min ver:	
Java max ver:	
JRE paths:	C:\Program Files\Java\jdk-21
Check launcher:	C:\Program Files\Java\jdk-21\bin\javaw.exe (OK)
Version string: 1.021.000_006 / 64-Bit (OK)
Launcher:	C:\Program Files\Java\jdk-21\bin\javaw.exe
Launcher args:	-jar "C:\Users\UserDC\Desktop\MATERIAS DE ESTUDOS E PROJETOS\War-in-the-stars\Laucher4j\war.exe"
Args length:	96/32768 chars
Exit code:	0


Version:	3.50
CmdLine:	C:\Users\UserDC\Desktop\MATERIAS DE ESTUDOS E PROJETOS\War-in-the-stars\Laucher4j\war.exe --l4j-debug
JNI:		No
WOW64:		Yes
Create mutex:	war
Working dir:	C:\Users\UserDC\Desktop\MATERIAS DE ESTUDOS E PROJETOS\War-in-the-stars\Laucher4j\.
Requires JDK:	No
Requires 64-Bit: No
Java min ver:	
Java max ver:	
JRE paths:	C:\Program Files\Java\jdk-21
Check launcher:	C:\Program Files\Java\jdk-21\bin\javaw.exe (OK)
Version string: 1.021.000_006 / 64-Bit (OK)
Launcher:	C:\Program Files\Java\jdk-21\bin\javaw.exe
Launcher args:	-jar "C:\Users\UserDC\Desktop\MATERIAS DE ESTUDOS E PROJETOS\War-in-the-stars\Laucher4j\war.exe"
Args length:	96/32768 chars
Exit code:	0
